1 3 1
512 256 128 64 32 16 8 4 2 1
1
1 2 4 8 16 32 64 128 256 512 1024 2048 4096 8192 16384 32768 65536 131072 262144 524288 1048576 2097152 4194304 8388608 16777216 33554432 67108864 134217728 268435456 536870912 1073741824 2147483648 4294967296 8589934592 17179869184 34359738368 68719476736 137438953472 274877906944 549755813888 1099511627776 2199023255552 4398046511104 8796093022208 17592186044416 35184372088832 70368744177664 140737488355328 281474976710656 562949953421312
1 2 5 1 10 21 1
6 1 3 1 15 2 1 30 60
18 1 9 2 1 4 379 172 86 8 2 1 4 43 14 2 1 7 2 1 1105 1 5 1 2 35 4 2 1 13 1 3 1 87 1 9 1 2 4 174
2 1 4 8 16 33 1 129 16 8 4 1 2 32 559 4 1 2 11 2 1 151 1 5 1 2 13 1 2 27 1 65 6 1 3 1
1 2 7 2 1 29 8 1 2 4 59 1 149 16 8 1 2 4
1 1707 1 5 1 2 10 853 26 6 1 3 1 13 1 417 22 2 1 11 4 2 1 183 70 16 8 4 2 1 35 2 1
1 2 4 8 17 1 279 1 5 2 1 123 2 1 57 2 1 4 27 10 1 2 5 1
68 34 8 4 2 1 17 1
1 59 1 3 1 6 29 2 1 4 9 1 159 10 2 1 5 1 21 1 355 2 1 19 8 1 2 4
1 767 6 1 3 1 12 24 48 117 1 2 11 1 2 4 383 16 8 1 2 4 37 1 3 1 75 1
1 3 1
1 85 42 4 2 1 9 1 21 2 1 179 1 5 2 1 435 1 11 1 5 1 2 39 4 1 2 9 1
1 2 9 1 3 1 171 1 2 37 8 1 2 4 17 1 77 2 1
4 2 1 11 2 1 1171 1 2 57 1 27 1 13 6 1 3 1 575 1 231 1 115 1 27 2 1 4 13 1 3 1 57 1 2 2345 1 2
1 3 1 6 15 1 2 351 1 69 1 3 1 6 17 1 3 1 34 161 12 6 1 3 1
172 86 1 3 1 7 1 21 2 1 4 43 1 391 24 1 3 1 6 12
4 2 1 393 6 1 3 1 193 1 3 1 6 27 4 2 1 8 91 8 4 2 1 19 1 2
182 1 35 1 5 1 2 17 4 1 2 91 1 5 2 1 11 1
1 3 1 6 8511 6 1 3 1 2125 1 2 1057 1 263 1 55 1 5 2 1 27 1 2 4 9 1 131 2 1 11 4 1 2 527 1 4250
1 3 1 9 1 2 19 1 215 4 1 2 8 89 1 37 1 9 4 2 1 18 539 26 6 1 3 1 13 1 55 2 1
2 1 9 1 3 1
2 1 509 1 3 1 6 13 1 55 1 2 7 1 2 15 1 253 36 2 1 4 9 1 18 72 1215 1 5 2 1 11 1 23 1 99 2 1 5 1 11 1 27 1 3 1
1 335 1 2 167 2 1 4 8 19 1 2 41 1 2 82 791 1 2 61 4 1 2 29 1 11 1 2 5 1
1 27 1 2 5 1 13 1 2 75 1 2 11 2 1 4
2 1 5 1 23 1 2 7 2 1 71 2 1 13 2 1 5 1 457 1 3 1 9 1 2 18 79 22 4 2 1 11 2 1 158
120 1 2 7 2 1 15 1 30 60
4 1 2 389 1 13 6 1 3 1 191 1 2 5 1 10 83 8 1 2 4 16 32 2359 1 3 1 393 1 47 2 1 4 8 23 2 1 4 97 2 1 194 791 1 3 1
1 7 1 3 1 17 1 2 41 2 1 4
1 2 4 1109 10 1 5 2 1 23 1 2 49 2 1 119 2 1 11 4 2 1 267 1 3 1 15 1 5 2 1 551 1 9 4 1 2
146 1 19 1 9 1 2 4 73 1 9 2 1 4 18
92 1 2 5 1 11 1 23 1 46 185 1 675 76 2 1 19 1 2 4 8 38 153 1 1759 1 5 2 1 10 20 205 2 1 13 2 1 5 1 83 1 5 1 2 10 29 2 1 5 1
1 19 1 9 1 2 4 39 1 79 1 559 1 3 1 9 1 2 19 1 69 2 1 4 8 16 201 16 8 2 1 4 32
2 1 381 82 2 1 4 13 1 3 1 41 1 2 4 8 189 1 13 1 3 1 6
1270 302 4 2 1 8 16 53 1 2 5 1 11 1 151 1 3 1 7 1 23 1 2 5 1 635 8 2 1 4 16
4 1 2 9 1 749 6 1 3 1 183 2 1 4 21 1 3 1 7 1 43 1 86 366
10 1 5 1 2 27 2 1 4 55 1 125 1 2 4 8 259 1 2 5 1 521 1 2
1 9 2 1 4 49 4 1 2 8 16 113 4 2 1 8 235 1 5 2 1 571 4 1 2 51 22 2 1 5 1 11 1 1185 22 2 1 11 2 1 4
1 2 29 1 2 13 2 1 5 1 67 1 5 1 2 137 1 2
1 2 7 2 1
1244 1 2 4 153 2 1 13 1 2 5 1 35 2 1 5 1 73 1 2 311 1 3 1 622
1 2 63 1 15 1 2 7 1 2 30 126 283 8 1 2 4 16
1 2 25 1 2 4 11 2 1 439 1 2 9 1 3 1 27 1 2 5 1 195 1 2 4 13 1 3 1 27 1 71 1 9 2 1 4 899 1 2 4 11 2 1
2 1
1 2 17 2 1 7 1 2 375 2 1 85 1 3 1 41 1 2 4 9 1 18 171 1
10 1 5 1 2 23 1 2 46 129 1 19 1 9 4 2 1
1 5 2 1 2043 1 5 2 1 219 1 2 4 8 105 1 45 4 2 1 11 2 1 22 1017 290 1 145 72 18 4 1 2 9 1 36
2 1 41 1 2 4 19 1 3 1 6 339 4 2 1 8 16 35 2 1 129 1 2 4 15 2 1 4 30
1 7 1 3 1 15 1 39 1 5 1 2 81 2 1
2 1 321 6 1 3 1 33 2 1 5 1 11 1 159 1 11 2 1 5 1 47 1 2 5 1 13 2 1 643 1
1 3 1
4 2 1 69 2 1 9 1 3 1 31 1 3 1 7 1
14 1 3 1 7 1
1 3 1 161 1 3 1 9 1 2 39 1 5 2 1 11 1 78 323 1
1 2 5 1 17 2 1 4 435 1 201 100 1 2 5 1 25 8 4 2 1 50 891 1 2 5 1 11 1 2473 2 1 7 1 2 19 1 3 1 38 83 4 1 2 173 2 1 4 346
2 1 93 2 1 19 8 4 2 1 45 2 1 4 539 2 1 177 40 20 1 5 2 1 10 87 1 2 4
2022 1 1011 1 5 1 2 21 1 3 1 6 42 505 1 211 1 2 11 2 1 4 22 44 105 1 9 2 1 4
362 1 181 90 2 1 4 9 1 45 1 7 1 3 1 14
1 2 5 1 27 1 9 1 2 4 659 1 103 1 2 7 1 2 51 1 5 2 1 19 1 5 1 2 303 8 1 2 4 16 49 1 3 1 9 1 2
8 4 2 1 8331 1 43 1 3 1 21 8 2 1 4 105 2 1 5 1 10 2079 1 935 1 2 233 2 1 15 6 1 3 1 115 1 43 1 21 1 5 2 1 10 467 1 4158
22 4 1 2 11 1 2 45 1 935 1 2 423 2 1 4 105 4 1 2 8 49 1 3 1 17 6 1 3 1 210 1999 1 23 2 1 11 4 2 1 65 1 5 1 2 10
1 2 4 9 1 27 1 5 1 2 59 1 3 1 118 303 8 1 2 4 17 1 34 613 4 1 2 1233 4 2 1
942 1 5 2 1 29 10 1 5 2 1 471 1 9 1 2 4 27 1 5 1 2 207 1 2 77 1 11 1 5 1 2 37 8 1 2 4
1 1551 1 9 1 2 4 775 1 379 1 21 10 1 2 5 1 83 2 1 9 1 3 1 21 1 2 189 1 3 1 6 12 3207 16 4 1 2 8 53 1 11 2 1 5 1
1 5 1 2 271 2 1 5 1 49 2 1 5 1 10 20 131 8 4 1 2 17 1 2057 1 47 2 1 11 1 2 4 23 1 379 1 5 1 2 143 1 67 1 33 8 4 1 2 16 758
4 1 2 129 1 21 1 5 1 2 10 61 1 5 1 2 10 1631 16 8 2 1 4 43 1 3 1 6 165 20 10 1 5 1 2 40 687 88 44 22 1 5 2 1 11 1 179 1 2
2 1 5 1 11 1 41 10 1 5 2 1 91 2 1 5 1
10 1 5 2 1 33 1 7 1 3 1
2 1 297 1 2 4 8 16 47 4 1 2 8 147 1 5 1 2 27 1 9 1 2 4 723 1 2 5 1 11 1 31 1 2 5 1 65 2 1
2 1 5 1 13 2 1 123 1 2 21 1 3 1 9 1 2 49 4 1 2 295 1 11 1 5 1 2 25 2 1 591 1
1 3 1
6 1 3 1 1833 1 2 4 87 40 20 10 2 1 5 1 185 6 1 3 1 411 2 1 7 1 2 21 1 2 4 911 1 2 4 45 2 1 5 1 19 1 5 1 2
1 2 4
182 1 3 1 91 1 5 2 1 43 1 2 7 1 2 17 1 2 625 2 1 49 1 23 1 11 2 1 5 1 131 1 3 1 7 1 17 1 2
1 47 4 2 1 9 1 23 1 3 1 95 1
1 11 2 1 5 1 22
1 19 1 2 4 9 1
1 21 10 2 1 5 1 159 10 1 5 2 1 23 1 2 59 1 7 1 3 1
70 2 1 5 1 35 1 2 5 1 13 1 2 153 2 1 7 1 2
1 311 2 1 5 1 10 155 68 34 1 17 4 2 1 8 1167 1 15 1 2 7 2 1 30 273 8 4 1 2 25 1 5 1 2 107 1 3 1 7 1 14 29 1
1 2 19 8 2 1 4
574 1 5 1 2 287 1 63 1 2 31 2 1 7 1 2 14 139 1 7 1 3 1
1 3 1 125 60 30 2 1 4 15 2 1 4 289 10 1 5 1 2 20
1 2 4 11 1 2 25 2 1 443 4 1 2 11 1 2 22 47 2 1 94 197 1 5 2 1 2275 1 2 9 1 3 1 695 1 41 20 10 1 2 5 1 82 167 1 2 339 1 3 1
8 2 1 4 2285 16 8 2 1 4 32 65 1 131 1 275 1 3 1 7 1 553 2 1 1135 1 15 1 2 7 1 2 4651 1 3 1 41 1 9 1 2 4 18
1 17 4 1 2 8 695 1 9 2 1 4 21 2 1 43 1 331 8 2 1 4 25 1 5 2 1 123 1 37 18 1 2 4 9 1 1393 1 2
1 5 1 2
4 2 1 3937 4 1 2 8 237 1 111 1 55 2 1 27 6 1 3 1 12 491 1 2 9 1 3 1 982 1965 1
4 1 2 123 1 3 1 29 6 1 3 1 12 58 283 1 9 4 2 1 19 1
34 1 2 7 2 1 17 1 2 997 1 2 4 8 16 35 1 2 97 2 1 7 2 1 14 231 8 1 2 4 19 2 1 465 1 2
1 3 1 23 2 1 4 9 1 47 1 109 8 2 1 4 291 1 2 37 1 2 4 8 17 1
1 2
1 3 1 187 2 1 21 4 2 1 9 1 91 1 5 2 1 10 25 1 3 1 374 753 1 3 1 1599 14 2 1 7 1 2 47 1 2 5 1 10
1 2 4
1 3 1 21 4 2 1 8 85 22 2 1 11 4 1 2
4 1 2 65 1 2 7 2 1 29 8 4 2 1 131 1 679 8 4 1 2 21 1 3 1 45 2 1 101 6 1 3 1 209 2 1 4 1361 1 2
1 3 1 6 65 1 13 6 1 3 1 27 1
1 3 1 6 287 138 2 1 69 1 33 16 4 2 1 8 615 1 2 21 2 1 4 9 1 1321 46 6 1 3 1 23 1 3 1 6
64 1 2 4 8 16 32 131 2 1
4 2 1 67 30 1 2 5 1 15 1 3 1
2 1 4
638 1 2 11 2 1 4 22 73 1 15 1 2 7 2 1 155 2 1 5 1 319 1 2 5 1
1 375 2 1 7 1 2 69 2 1 7 1 2 14 28 187 1 2 25 4 2 1 11 2 1 971 1 5 1 2 17 1 2 4 51 1 9 1 2 4 111 1 2 5 1
2 1
6 1 3 1 265 1 127 1 2 7 2 1 63 12 1 3 1 6 25 1 531 1 1145 2 1 4 9 1 21 2 1 42
1
2 1 13 2 1 5 1 29 1 2
4 2 1 291 142 1 17 4 1 2 8 71 1 9 4 1 2 19 1
266 4 1 2 133 1 2 5 1 63 2 1 13 1 2 5 1 27 1
1 5 2 1 397 194 1 2 97 1 47 1 11 1 5 1 2 23 1
1 111 1 2 7 2 1 15 1 55 1 2 13 1 5 2 1 235 1 7 1 3 1
2 1 15 1 3 1 6
4 1 2 51 1 2 5 1 11 1 22 115 2 1 7 2 1 231 1
1 37 1 9 2 1 4 18 89 8 2 1 4
4 1 2 8
1 2 473 2 1 77 2 1 4 17 1 2 5 1 37 2 1 235 2 1 41 1 2 19 8 1 2 4
2 1 3033 126 1 3 1 6 63 26 2 1 13 1 5 2 1 733 118 1 2 23 10 2 1 5 1 59 1 3 1 7 1 241 1 3 1 1515 2 1 11 2 1 4 25 1 2
2 1 5 1 19 1 2 5 1
4 1 2 8 16 141 1 9 4 2 1 19 1 55 2 1 4 9 1
16 8 4 2 1
10 2 1 5 1 23 1 2 171 1 2 5 1 29 1 5 1 2 10 63 1 3 1 351 1 5 2 1 705 2 1
1 2 5 1 17 4 1 2 331 62 8 2 1 4 31 4 1 2 8 149 1 3 1 13 4 2 1
1 3 1 23 1 9 4 2 1 46 92 199 2 1 4 8
1 191 1 17 2 1 4 8 47 1 2 7 1 2 95 1 399 2 1 4 9 1
292 146 1 2 4 8 73 2 1 4 9 1 29 1 3 1 6
2 1 4 201 16 8 4 2 1 33 1 97 16 8 2 1 4 417 2 1 4 8 835 1
2 1 4 8 16 32 77 1 2 7 1 2
4 1 2 39 2 1 4 8 16 89 1 3 1 6
3588 442 1 2 7 1 2 23 1 5 2 1 47 1 101 4 2 1 221 1 5 2 1 10 897 2 1 7 2 1 1794
1 2 67 32 4 1 2 8 16 143 1 5 1 2 395 1 27 1 3 1 6 13 1 55 1
1 7 1 3 1 15 1
1 2 15 6 1 3 1 37 4 2 1 87 1 3 1 7 1 174 495 1 2 37 2 1 17 2 1 7 1 2 74
4 1 2 39 16 8 4 1 2 81 2 1 535 1 3 1 6 12 25 1 187 4 2 1 8 16 69 8 1 2 4 19 2 1
1 3 1 6 87 38 8 4 2 1 19 1 2
1
1 3 1 6 15 1 2 51 4 1 2 11 2 1
4 2 1
1 315 1 157 78 1 39 4 1 2 8 19 2 1 1313 342 1 7 1 3 1 17 1 2 171 14 2 1 7 1 2 69 1 2 5 1 10 21 1
138 4 2 1 69 2 1 4 8 31 8 1 2 4 509 2 1 7 1 2 27 2 1 7 1 2 54 117 1 2 5 1 1159 1 23 1 2 4 11 2 1 71 1 2 13 1 2 5 1
4 2 1 9 1 301 1 5 1 2 35 1 13 1 3 1 6 71 1 142 623 4 1 2 11 1 2
2 1 5 1 27 1 3 1 9 2 1 97 22 1 5 1 2 11 1 243 1 5 2 1 11 1 25 2 1 815 1 2 39 18 1 3 1 9 1 2 81 2 1 165 1 2
1 3 1 25 1 2 5 1 10
1 5 1 2 9283 2 1 4637 10 2 1 5 1 49 1 2 7 2 1 15 1 107 2 1 5 1 289 38 1 2 4 9 1 19 1 579 1 1158 2317 1 18566 37191 4 2 1 15 2 1 4 30
16 8 1 2 4 33 1 173 54 2 1 5 1 27 2 1 4 9 1 371 1 5 2 1 13 1 2 749 1 2 4
1 2 4 9 1 103 1 43 2 1 4 9 1 21 1 2
1 17 2 1 4 8 34
1 27 1 2 4 13 1 3 1 219 1 83 4 2 1 8 17 1 41 4 1 2
1 205 102 1 2 11 4 2 1 25 1 2 51 1
4 2 1 299 18 1 2 4 9 1 73 4 1 2 19 1 3 1 6 146 627 1 15 2 1 7 1 2
1 1721 1 5 2 1 13 1 2 215 4 1 2 25 4 2 1 9 1 95 1 2 23 10 1 2 5 1 430 860 3449 1 2 4 6898
1 2 4 9 1 19 1 65 14 1 3 1 7 1 137 2 1 4 339 1 2 4 13 1 3 1 33 2 1 4 779 1 2 4 8 19 2 1 51 1 2 7 1 2
2 1 4 93 1 2 4 8 17 1 43 1 5 1 2
2 1 4
2 1 35 16 8 1 2 4 73 2 1 167 1 5 1 2 11 1
22 1 2 11 4 1 2 71 14 1 7 1 3 1 211 14 1 7 1 3 1 35 4 2 1 427 1 3 1
1 2 4 269 1 21 10 1 2 5 1 131 1 45 22 4 2 1 11 1 2
20 2 1 5 1 10 73 1 5 2 1 17 4 2 1
1 25 6 1 3 1 12 61 1 3 1 6 1263 2 1 97 20 10 1 5 1 2 47 1 2 4 571 1 2 4 11 2 1 22 44 93 1 3 1 189 1 2
2 1 19 4 2 1 8
1 2 17 1 3 1 7 1 999 2 1 4 57 1 9 2 1 4 25 2 1 4 483 12 6 1 3 1 185 4 1 2 81 2 1 4 37 1 3 1 7 1 15 1
1 17 4 1 2 8 34 75 4 2 1 519 1 3 1 13 4 1 2 35 2 1 5 1 185 1 9 2 1 4 29 6 1 3 1 58
1 45 1 11 1 5 1 2 22 247 1 2 4 9 1 19 1 39 1 79 1 494 1257 32 16 8 4 1 2 64 135 4 2 1
1 9 1 2 4 18 1621 1 31 1 3 1 15 1 5 1 2 793 366 6 1 3 1 15 1 2 83 1 3 1 13 4 1 2 27 1 183 4 2 1 9 1
2 1 5 1 23 1 3 1 7 1
1 2 1729 10 1 5 1 2 21 1 391 4 1 2 31 12 6 1 3 1 83 1 11 1 5 1 2 175 1 5 2 1 863 2 1 4 8 41 1 3 1 13 4 1 2
1 2 7 2 1 121 54 1 27 1 2 13 1 5 1 2
1 3 1 6 13 1 63 1 19 1 3 1 9 1 2
2 1 165 1 17 8 4 2 1 37 1 2 81 4 2 1 411 1 2 41 1 3 1 19 1 2 7 1 2 822 1659 8 4 2 1
1 5 1 2 10 35 1 2 4 8 71 1 655 2 1 7 1 2 55 2 1 4 21 1 2 7 2 1 257 74 4 2 1 11 1 2 37 4 1 2 8 1313 2 1 2627 1
1 2943 238 1 119 4 1 2 11 1 2 59 2 1 19 2 1 4 8 729 4 2 1 41 1 2 5 1 17 4 2 1 127 1 2 11 1 2 4 23 1 1471 2 1 7 2 1
2 1 5 1 11 1
1 3 1 9 1 2
46 1 23 1 2 5 1 11 1
1 283 1 27 1 2 13 1 5 1 2 55 1 141 16 8 4 1 2
10 1 5 1 2 21 1
4 1 2 25 4 2 1 9 1
1 2
1 117 58 1 29 1 2 7 2 1 14 234 617 1 2 4 11 1 2 75 1 5 1 2 13 2 1 27 1
16 2 1 4 8 113 8 4 1 2 17 1 41 4 1 2 725 250 48 12 6 1 3 1 24 125 1 15 1 2 7 2 1
1 51 12 6 1 3 1 25 1
922 230 1 2 4 8 25 1 5 1 2 57 4 2 1 115 1 461 1 2009 1 3 1 83 1 3 1 9 2 1 18 39 2 1 4019 1
1 2
1 2 5 1 10 63 22 2 1 5 1 11 1 133 4 1 2
2 1 4 29 1 5 2 1 11 1 91 1 17 4 1 2 8
2 1 17 1 3 1 7 1
1 2 233 1 2 4 49 1 3 1 21 2 1 4 8 115 1 9 4 2 1 473 1 2 4
10 1 2 5 1 21 1
180 1 17 8 4 1 2 45 1 3 1 6 90 381 1 2 5 1 11 1 762 1531 4 1 2 3069 4 1 2
966 2 1 4 11 1 2 23 1 63 2 1 4 9 1 127 1 483 4 1 2 17 1 5 1 2 35 1 115 1 23 1 5 1 2 11 1
264 66 2 1 33 1 3 1 15 1 5 2 1 132 663 68 34 1 17 8 4 1 2 1373 6 1 3 1 12 24 2911 4 1 2 8 41 1 2 13 1 5 2 1 83 1
620 8 1 2 4 77 2 1 31 14 1 7 1 3 1 155 1 310 1241 1
8 1 2 4 47 8 2 1 4 16 145 26 1 3 1 13 2 1 4 309 10 1 2 5 1
1 37 1 9 2 1 4 18 74 163 8 4 1 2 389 16 8 2 1 4 32 917 8 2 1 4 16 35 1 2 70 1847 2 1 7 2 1
2 1 5 1 13 1 2 39 2 1 7 2 1 87 1 2 5 1 2683 626 4 1 2 9 1 155 1 3 1 6 69 1 5 1 2 29 10 1 5 1 2 313 1 2 1255 2 1
1 2 4 8 21 1 3 1
1 71 2 1 4 35 1 2 7 2 1 14
10 1 2 5 1
